<?xml version="1.0" encoding="UTF-8"?>
<!-- Generated by org.testng.reporters.JUnitXMLReporter -->
<testsuite ignored="0" hostname="DESKTOP-RTACN6A" failures="0" tests="2" name="Chrome Browser" time="79.529" errors="0" timestamp="2019-11-26T16:24:16 IST">
  <testcase classname="TestLocation.GoogleTest" name="SearchName" time="9.702"/>
  <testcase classname="TestLocation.GoogleTest" name="GoogleTitleTest" time="0.316">
    <skipped/>
  </testcase> <!-- GoogleTitleTest -->
</testsuite> <!-- Chrome Browser -->
