<?xml version="1.0" encoding="UTF-8"?>
<!-- Generated by org.testng.reporters.JUnitXMLReporter -->
<testsuite ignored="0" hostname="DESKTOP-RTACN6A" failures="1" tests="4" name="Demo test" time="128.597" errors="0" timestamp="2019-11-26T12:24:47 IST">
  <testcase classname="TestLocation.GoogleTest" name="SearchName" time="8.77"/>
  <testcase classname="TestLocation.GoogleTest" name="GoogleTitleTest" time="0.072">
    <skipped/>
  </testcase> <!-- GoogleTitleTest -->
  <testcase classname="TestLocation.GoogleTest" name="GoogleTitleTest" time="0.11">
    <skipped/>
  </testcase> <!-- GoogleTitleTest -->
  <testcase classname="TestLocation.GoogleTest" name="GoogleTitleTest" time="0.03">
    <failure type="java.lang.AssertionError" message="expected [Goog] but found [Google]">
      <![CDATA[java.lang.AssertionError: expected [Goog] but found [Google]
at TestLocation.GoogleTest.GoogleTitleTest(GoogleTest.java:28)
at java.base/java.util.ArrayList.forEach(ArrayList.java:1540)
... Removed 32 stack frames]]>
    </failure>
  </testcase> <!-- GoogleTitleTest -->
</testsuite> <!-- Demo test -->
